# JRE version: OpenJDK Runtime Environment (14.0.2+12) (build 14.0.2+12-46)
# Java VM: OpenJDK 64-Bit Server VM (14.0.2+12-46, mixed mode, tiered, compressed oops, g1 gc, windows-amd64)
Heap:
 garbage-first heap   total 102400K, used 73285K [0x0000000740000000, 0x0000000800000000)
  region size 1024K, 4 young (4096K), 2 survivors (2048K)
 Metaspace       used 91410K, capacity 94400K, committed 94544K, reserved 1130496K
  class space    used 11995K, capacity 13034K, committed 13056K, reserved 1048576K
GC Heap History (20 events):
Event: 157093.753 GC heap before
{Heap before GC invocations=2822 (full 6):
 garbage-first heap   total 102400K, used 88036K [0x0000000740000000, 0x0000000800000000)
  region size 1024K, 17 young (17408K), 2 survivors (2048K)
 Metaspace       used 91410K, capacity 94400K, committed 94544K, reserved 1130496K
  class space    used 11995K, capacity 13034K, committed 13056K, reserved 1048576K
}
Event: 157093.764 GC heap after
{Heap after GC invocations=2823 (full 6):
 garbage-first heap   total 102400K, used 71718K [0x0000000740000000, 0x0000000800000000)
  region size 1024K, 1 young (1024K), 1 survivors (1024K)
 Metaspace       used 91410K, capacity 94400K, committed 94544K, reserved 1130496K
  class space    used 11995K, capacity 13034K, committed 13056K, reserved 1048576K
}
Event: 157115.280 GC heap before
{Heap before GC invocations=2823 (full 6):
 garbage-first heap   total 102400K, used 87078K [0x0000000740000000, 0x0000000800000000)
  region size 1024K, 17 young (17408K), 1 survivors (1024K)
 Metaspace       used 91410K, capacity 94400K, committed 94544K, reserved 1130496K
  class space    used 11995K, capacity 13034K, committed 13056K, reserved 1048576K
}
Event: 157115.282 GC heap after
{Heap after GC invocations=2824 (full 6):
 garbage-first heap   total 102400K, used 71834K [0x0000000740000000, 0x0000000800000000)
  region size 1024K, 1 young (1024K), 1 survivors (1024K)
 Metaspace       used 91410K, capacity 94400K, committed 94544K, reserved 1130496K
  class space    used 11995K, capacity 13034K, committed 13056K, reserved 1048576K
}
Event: 157138.657 GC heap before
{Heap before GC invocations=2824 (full 6):
 garbage-first heap   total 102400K, used 88218K [0x0000000740000000, 0x0000000800000000)
  region size 1024K, 17 young (17408K), 1 survivors (1024K)
 Metaspace       used 91410K, capacity 94400K, committed 94544K, reserved 1130496K
  class space    used 11995K, capacity 13034K, committed 13056K, reserved 1048576K
}
Event: 157138.660 GC heap after
{Heap after GC invocations=2825 (full 6):
 garbage-first heap   total 102400K, used 72122K [0x0000000740000000, 0x0000000800000000)
  region size 1024K, 1 young (1024K), 1 survivors (1024K)
 Metaspace       used 91410K, capacity 94400K, committed 94544K, reserved 1130496K
  class space    used 11995K, capacity 13034K, committed 13056K, reserved 1048576K
}
Event: 157159.343 GC heap before
{Heap before GC invocations=2825 (full 6):
 garbage-first heap   total 102400K, used 88506K [0x0000000740000000, 0x0000000800000000)
  region size 1024K, 17 young (17408K), 1 survivors (1024K)
 Metaspace       used 91410K, capacity 94400K, committed 94544K, reserved 1130496K
  class space    used 11995K, capacity 13034K, committed 13056K, reserved 1048576K
}
Event: 157159.346 GC heap after
{Heap after GC invocations=2826 (full 6):
 garbage-first heap   total 102400K, used 71810K [0x0000000740000000, 0x0000000800000000)
  region size 1024K, 1 young (1024K), 1 survivors (1024K)
 Metaspace       used 91410K, capacity 94400K, committed 94544K, reserved 1130496K
  class space    used 11995K, capacity 13034K, committed 13056K, reserved 1048576K
}
Event: 157183.173 GC heap before
{Heap before GC invocations=2826 (full 6):
 garbage-first heap   total 102400K, used 88194K [0x0000000740000000, 0x0000000800000000)
  region size 1024K, 17 young (17408K), 1 survivors (1024K)
 Metaspace       used 91410K, capacity 94400K, committed 94544K, reserved 1130496K
  class space    used 11995K, capacity 13034K, committed 13056K, reserved 1048576K
}
Event: 157183.175 GC heap after
{Heap after GC invocations=2827 (full 6):
 garbage-first heap   total 102400K, used 72177K [0x0000000740000000, 0x0000000800000000)
  region size 1024K, 1 young (1024K), 1 survivors (1024K)
 Metaspace       used 91410K, capacity 94400K, committed 94544K, reserved 1130496K
  class space    used 11995K, capacity 13034K, committed 13056K, reserved 1048576K
}
Event: 157213.020 GC heap before
{Heap before GC invocations=2827 (full 6):
 garbage-first heap   total 102400K, used 88561K [0x0000000740000000, 0x0000000800000000)
  region size 1024K, 17 young (17408K), 1 survivors (1024K)
 Metaspace       used 91410K, capacity 94400K, committed 94544K, reserved 1130496K
  class space    used 11995K, capacity 13034K, committed 13056K, reserved 1048576K
}
Event: 157213.024 GC heap after
{Heap after GC invocations=2828 (full 6):
 garbage-first heap   total 102400K, used 71836K [0x0000000740000000, 0x0000000800000000)
  region size 1024K, 1 young (1024K), 1 survivors (1024K)
 Metaspace       used 91410K, capacity 94400K, committed 94544K, reserved 1130496K
  class space    used 11995K, capacity 13034K, committed 13056K, reserved 1048576K
}
Event: 157230.301 GC heap before
{Heap before GC invocations=2828 (full 6):
 garbage-first heap   total 102400K, used 88220K [0x0000000740000000, 0x0000000800000000)
  region size 1024K, 17 young (17408K), 1 survivors (1024K)
 Metaspace       used 91410K, capacity 94400K, committed 94544K, reserved 1130496K
  class space    used 11995K, capacity 13034K, committed 13056K, reserved 1048576K
}
Event: 157230.303 GC heap after
{Heap after GC invocations=2829 (full 6):
 garbage-first heap   total 102400K, used 72098K [0x0000000740000000, 0x0000000800000000)
  region size 1024K, 1 young (1024K), 1 survivors (1024K)
 Metaspace       used 91410K, capacity 94400K, committed 94544K, reserved 1130496K
  class space    used 11995K, capacity 13034K, committed 13056K, reserved 1048576K
}
Event: 157258.959 GC heap before
{Heap before GC invocations=2829 (full 6):
 garbage-first heap   total 102400K, used 88482K [0x0000000740000000, 0x0000000800000000)
  region size 1024K, 17 young (17408K), 1 survivors (1024K)
 Metaspace       used 91410K, capacity 94400K, committed 94544K, reserved 1130496K
  class space    used 11995K, capacity 13034K, committed 13056K, reserved 1048576K
}
Event: 157258.961 GC heap after
{Heap after GC invocations=2830 (full 6):
 garbage-first heap   total 102400K, used 72040K [0x0000000740000000, 0x0000000800000000)
  region size 1024K, 1 young (1024K), 1 survivors (1024K)
 Metaspace       used 91410K, capacity 94400K, committed 94544K, reserved 1130496K
  class space    used 11995K, capacity 13034K, committed 13056K, reserved 1048576K
}
Event: 157280.242 GC heap before
{Heap before GC invocations=2830 (full 6):
 garbage-first heap   total 102400K, used 87400K [0x0000000740000000, 0x0000000800000000)
  region size 1024K, 17 young (17408K), 1 survivors (1024K)
 Metaspace       used 91410K, capacity 94400K, committed 94544K, reserved 1130496K
  class space    used 11995K, capacity 13034K, committed 13056K, reserved 1048576K
}
Event: 157280.244 GC heap after
{Heap after GC invocations=2831 (full 6):
 garbage-first heap   total 102400K, used 71920K [0x0000000740000000, 0x0000000800000000)
  region size 1024K, 1 young (1024K), 1 survivors (1024K)
 Metaspace       used 91410K, capacity 94400K, committed 94544K, reserved 1130496K
  class space    used 11995K, capacity 13034K, committed 13056K, reserved 1048576K
}
Event: 157307.124 GC heap before
{Heap before GC invocations=2831 (full 6):
 garbage-first heap   total 102400K, used 89328K [0x0000000740000000, 0x0000000800000000)
  region size 1024K, 18 young (18432K), 1 survivors (1024K)
 Metaspace       used 91410K, capacity 94400K, committed 94544K, reserved 1130496K
  class space    used 11995K, capacity 13034K, committed 13056K, reserved 1048576K
}
Event: 157307.127 GC heap after
{Heap after GC invocations=2832 (full 6):
 garbage-first heap   total 102400K, used 72261K [0x0000000740000000, 0x0000000800000000)
  region size 1024K, 2 young (2048K), 2 survivors (2048K)
 Metaspace       used 91410K, capacity 94400K, committed 94544K, reserved 1130496K
  class space    used 11995K, capacity 13034K, committed 13056K, reserved 1048576K
}

